\BOOKMARK [1][-]{Item.5}{\376\377\000B\000A\000B\000\040\000I\000\040\000P\000E\000N\000D\000A\000H\000U\000L\000U\000A\000N}{}% 1
\BOOKMARK [2][-]{section*.1}{\376\377\0001\000.\0001\000\040\000L\000a\000t\000a\000r\000\040\000B\000e\000l\000a\000k\000a\000n\000g}{Item.5}% 2
\BOOKMARK [2][-]{section*.1}{\376\377\0001\000.\0002\000\040\000R\000u\000m\000u\000s\000a\000n\000\040\000M\000a\000s\000a\000l\000a\000h}{Item.5}% 3
\BOOKMARK [2][-]{Item.8}{\376\377\0001\000.\0003\000\040\000T\000u\000j\000u\000a\000n\000\040\000P\000e\000n\000e\000l\000i\000t\000i\000a\000n}{Item.5}% 4
\BOOKMARK [2][-]{Item.11}{\376\377\0001\000.\0004\000\040\000M\000a\000n\000f\000a\000a\000t\000\040\000P\000e\000n\000e\000l\000i\000t\000i\000a\000n}{Item.5}% 5
\BOOKMARK [2][-]{Item.14}{\376\377\0001\000.\0005\000\040\000B\000a\000t\000a\000s\000a\000n\000\040\000M\000a\000s\000a\000l\000a\000h}{Item.5}% 6
\BOOKMARK [2][-]{Item.19}{\376\377\0001\000.\0006\000\040\000S\000i\000s\000t\000e\000m\000a\000t\000i\000k\000a\000\040\000P\000e\000n\000u\000l\000i\000s\000a\000n}{Item.5}% 7
\BOOKMARK [1][-]{Item.19}{\376\377\000B\000A\000B\000\040\000I\000I\000\040\000T\000I\000N\000J\000A\000U\000A\000N\000\040\000P\000U\000S\000T\000A\000K\000A}{}% 8
\BOOKMARK [2][-]{section*.2}{\376\377\0002\000.\0001\000\040\000L\000a\000n\000d\000a\000s\000a\000n\000\040\000T\000e\000o\000r\000i}{Item.19}% 9
\BOOKMARK [3][-]{section*.2}{\376\377\0002\000.\0001\000.\0002\000\040\000T\000h\000e\000\040\000C\000o\000m\000p\000l\000e\000x\000i\000t\000y\000\040\000T\000r\000a\000p\000:\000\040\000K\000e\000t\000e\000r\000b\000a\000t\000a\000s\000a\000n\000\040\000M\000u\000l\000t\000i\000-\000A\000g\000e\000n\000t\000\040\000R\000e\000i\000n\000f\000o\000r\000c\000e\000m\000e\000n\000t\000\040\000L\000e\000a\000r\000n\000i\000n\000g\000\040\000\050\000M\000A\000R\000L\000\051}{Item.19}% 10
\BOOKMARK [3][-]{Item.22}{\376\377\0002\000.\0001\000.\0003\000\040\000P\000r\000o\000x\000i\000m\000a\000l\000\040\000P\000o\000l\000i\000c\000y\000\040\000O\000p\000t\000i\000m\000i\000z\000a\000t\000i\000o\000n\000\040\000\050\000P\000P\000O\000\051\000\040\000d\000a\000l\000a\000m\000\040\000A\000d\000v\000e\000r\000s\000a\000r\000i\000a\000l\000\040\000P\000r\000o\000m\000p\000t\000i\000n\000g}{Item.19}% 11
\BOOKMARK [3][-]{Item.22}{\376\377\0002\000.\0001\000.\0004\000\040\000F\000u\000n\000g\000s\000i\000\040\000R\000e\000w\000a\000r\000d\000\040\000S\000e\000m\000a\000n\000t\000i\000k\000:\000\040\000S\000l\000i\000d\000i\000n\000g\000-\000w\000i\000n\000d\000o\000w\000\040\000W\000o\000r\000d\000\040\000E\000d\000i\000t\000\040\000S\000i\000m\000i\000l\000a\000r\000i\000t\000y\000\040\000\050\000W\000E\000S\000\051}{Item.19}% 12
\BOOKMARK [2][-]{Item.22}{\376\377\0002\000.\0002\000\040\000P\000e\000n\000e\000l\000i\000t\000i\000a\000n\000\040\000T\000e\000r\000k\000a\000i\000t}{Item.19}% 13
\BOOKMARK [2][-]{Item.22}{\376\377\0002\000.\0003\000\040\000T\000a\000b\000e\000l\000\040\000P\000e\000r\000b\000a\000n\000d\000i\000n\000g\000a\000n\000\040\000S\000t\000u\000d\000i\000\040\000P\000u\000s\000t\000a\000k\000a}{Item.19}% 14
\BOOKMARK [1][-]{table.caption.3}{\376\377\000B\000A\000B\000\040\000I\000I\000I\000\040\000M\000E\000T\000O\000D\000O\000L\000O\000G\000I\000\040\000P\000E\000N\000E\000L\000I\000T\000I\000A\000N}{}% 15
\BOOKMARK [2][-]{section*.4}{\376\377\0003\000.\0001\000\040\000W\000a\000k\000t\000u\000\040\000d\000a\000n\000\040\000T\000e\000m\000p\000a\000t\000\040\000P\000e\000n\000e\000l\000i\000t\000i\000a\000n}{table.caption.3}% 16
\BOOKMARK [2][-]{section*.4}{\376\377\0003\000.\0002\000\040\000M\000e\000t\000o\000d\000o\000l\000o\000g\000i\000\040\000P\000e\000n\000e\000l\000i\000t\000i\000a\000n}{table.caption.3}% 17
\BOOKMARK [3][-]{section*.5}{\376\377\0003\000.\0002\000.\0001\000\040\000F\000a\000s\000e\000\040\000I\000:\000\040\000G\000e\000n\000e\000r\000a\000s\000i\000\040\000H\000u\000l\000u\000\040\000L\000e\000d\000a\000k\000\040\000\050\000W\000a\000r\000h\000e\000a\000d\000\040\000G\000e\000n\000e\000r\000a\000t\000i\000o\000n\000\051}{section*.4}% 18
\BOOKMARK [3][-]{section*.5}{\376\377\0003\000.\0002\000.\0002\000\040\000F\000a\000s\000e\000\040\000I\000I\000:\000\040\000S\000i\000s\000t\000e\000m\000\040\000P\000e\000n\000g\000i\000r\000i\000m\000a\000n\000\040\000\050\000D\000e\000l\000i\000v\000e\000r\000y\000\040\000S\000y\000s\000t\000e\000m\000\051}{section*.4}% 19
\BOOKMARK [2][-]{section*.5}{\376\377\0003\000.\0003\000\040\000P\000e\000r\000a\000n\000c\000a\000n\000g\000a\000n\000\040\000S\000i\000s\000t\000e\000m}{table.caption.3}% 20
\BOOKMARK [2][-]{section*.5}{\376\377\0003\000.\0004\000\040\000E\000v\000a\000l\000u\000a\000s\000i\000\040\000d\000a\000n\000\040\000M\000e\000t\000o\000d\000e\000\040\000P\000e\000n\000g\000u\000j\000i\000a\000n}{table.caption.3}% 21
\BOOKMARK [3][-]{section*.6}{\376\377\0003\000.\0004\000.\0001\000\040\000S\000k\000e\000n\000a\000r\000i\000o\000\040\000P\000e\000n\000g\000u\000j\000i\000a\000n}{section*.5}% 22
\BOOKMARK [3][-]{section*.6}{\376\377\0003\000.\0004\000.\0002\000\040\000M\000e\000t\000r\000i\000k\000\040\000K\000u\000a\000n\000t\000i\000t\000a\000t\000i\000f}{section*.5}% 23
\BOOKMARK [3][-]{table.caption.7}{\376\377\0003\000.\0004\000.\0003\000\040\000P\000e\000n\000g\000u\000j\000i\000a\000n\000\040\000H\000i\000p\000o\000t\000e\000s\000i\000s}{section*.5}% 24
\BOOKMARK [3][-]{table.caption.7}{\376\377\0003\000.\0004\000.\0004\000\040\000P\000e\000r\000t\000i\000m\000b\000a\000n\000g\000a\000n\000\040\000E\000t\000i\000s}{section*.5}% 25
\BOOKMARK [1][-]{table.caption.7}{\376\377\000D\000a\000f\000t\000a\000r\000\040\000P\000u\000s\000t\000a\000k\000a}{}% 26
